<?xml version="1.0" encoding="UTF-8"?>
<!-- Generated by org.testng.reporters.JUnitXMLReporter -->
<testsuite ignored="0" hostname="DESKTOP-T3D59B0" failures="1" tests="3" name="Error Validation Test" time="40.165" errors="0" timestamp="2022-10-16T21:24:12 GMT+09:00">
  <testcase classname="udemymavenpractice.Tests.ErrorValidationTest" name="loginErrorValidation" time="0.596">
    <skipped/>
  </testcase> <!-- loginErrorValidation -->
  <testcase classname="udemymavenpractice.Tests.ErrorValidationTest" name="loginErrorValidation" time="0.585">
    <failure type="java.lang.AssertionError" message="expected [Incorrect email or password.] but found [Incorrect email //or password.]">
      <![CDATA[java.lang.AssertionError: expected [Incorrect email or password.] but found [Incorrect email //or password.]
at udemymavenpractice.Tests.ErrorValidationTest.loginErrorValidation(ErrorValidationTest.java:23)
at java.base/java.util.ArrayList.forEach(ArrayList.java:1511)
at java.base/java.util.concurrent.FutureTask.run(FutureTask.java:264)
at java.base/java.util.concurrent.ThreadPoolExecutor.runWorker(ThreadPoolExecutor.java:1136)
at java.base/java.util.concurrent.ThreadPoolExecutor$Worker.run(ThreadPoolExecutor.java:635)
at java.base/java.lang.Thread.run(Thread.java:833)
... Removed 21 stack frames]]>
    </failure>
  </testcase> <!-- loginErrorValidation -->
  <testcase classname="udemymavenpractice.Tests.ErrorValidationTest" name="productErrorValidation" time="6.451"/>
</testsuite> <!-- Error Validation Test -->
